Arguments: 
  C:\Program Files\nodejs\node.exe C:\Program Files (x86)\Yarn\bin\yarn.js

PATH: 
  C:\Program Files\Git\mingw64\bin;C:\Program Files\Git\usr\bin;C:\Users\ENZO\bin;C:\WINDOWS\system32;C:\WINDOWS;C:\WINDOWS\System32\Wbem;C:\WINDOWS\System32\WindowsPowerShell\v1.0;C:\WINDOWS\System32\OpenSSH;C:\ProgramData\chocolatey\bin;C:\Program Files\Git\cmd;C:\Program Files (x86)\Yarn\bin;C:\Go\bin;C:\Program Files\nodejs;C:\Users\ENZO\AppData\Local\Microsoft\WindowsApps;C:\Users\ENZO\AppData\Local\Programs\Microsoft VS Code\bin;C:\Program Files\Bandizip;C:\Users\ENZO\AppData\Local\Yarn\bin;C:\Users\ENZO\go\bin;C:\Users\ENZO\AppData\Roaming\npm

Yarn version: 
  1.22.5

Node version: 
  14.15.5

Platform: 
  win32 x64

Trace: 
  Error: 20776:error:1408F119:SSL routines:ssl3_get_record:decryption failed or bad record mac:c:\ws\deps\openssl\openssl\ssl\record\ssl3_record.c:677:

npm manifest: 
  {
    "name": "visualizedcompiler",
    "version": "0.0.0",
    "scripts": {
      "dev": "vite",
      "build": "tsc && vite build",
      "serve": "vite preview"
    },
    "dependencies": {
      "react": "^17.0.0",
      "react-dom": "^17.0.0"
    },
    "devDependencies": {
      "@types/react": "^17.0.0",
      "@types/react-dom": "^17.0.0",
      "@vitejs/plugin-react-refresh": "^1.3.1",
      "typescript": "^4.1.2",
      "vite": "^2.3.3"
    }
  }

yarn manifest: 
  No manifest

Lockfile: 
  No lockfile
